14:55:24.242 [INFO] [org.gradle.launcher.daemon.server.Daemon] start() called on daemon - DefaultDaemonContext[uid=d8dd8447-09af-4c3c-bbc2-c5cbd6559203,javaHome=/usr/local/java/jdk1.8.0_51-x64,daemonRegistryDir=/home/psundriyal/air/shadowsearch/?/.gradle/daemon,pid=30118,idleTimeout=120000,daemonOpts=-XX:MaxPermSize=256m,-XX:+HeapDumpOnOutOfMemoryError,-Xmx1024m,-Dfile.encoding=UTF-8,-Duser.country=US,-Duser.language=en,-Duser.variant]
14:55:24.246 [DEBUG] [org.gradle.launcher.daemon.server.DaemonStateCoordinator] updating lastActivityAt to 1445543724246
14:55:24.253 [DEBUG] [org.gradle.messaging.remote.internal.inet.InetAddressFactory] Adding IP addresses for network interface virbr0
14:55:24.253 [DEBUG] [org.gradle.messaging.remote.internal.inet.InetAddressFactory] Is this a loopback interface? false
14:55:24.254 [DEBUG] [org.gradle.messaging.remote.internal.inet.InetAddressFactory] Is this a multicast interface? true
14:55:24.254 [DEBUG] [org.gradle.messaging.remote.internal.inet.InetAddressFactory] Adding remote address /192.168.122.1
14:55:24.254 [DEBUG] [org.gradle.messaging.remote.internal.inet.InetAddressFactory] Adding remote multicast interface virbr0
14:55:24.255 [DEBUG] [org.gradle.messaging.remote.internal.inet.InetAddressFactory] Adding IP addresses for network interface eth1
14:55:24.255 [DEBUG] [org.gradle.messaging.remote.internal.inet.InetAddressFactory] Is this a loopback interface? false
14:55:24.256 [DEBUG] [org.gradle.messaging.remote.internal.inet.InetAddressFactory] Is this a multicast interface? true
14:55:24.256 [DEBUG] [org.gradle.messaging.remote.internal.inet.InetAddressFactory] Adding remote address /fe80:0:0:0:a2e:5fff:fe05:5f82%eth1
14:55:24.256 [DEBUG] [org.gradle.messaging.remote.internal.inet.InetAddressFactory] Adding remote address /10.222.144.85
14:55:24.257 [DEBUG] [org.gradle.messaging.remote.internal.inet.InetAddressFactory] Adding remote multicast interface eth1
14:55:24.257 [DEBUG] [org.gradle.messaging.remote.internal.inet.InetAddressFactory] Adding IP addresses for network interface lo
14:55:24.257 [DEBUG] [org.gradle.messaging.remote.internal.inet.InetAddressFactory] Is this a loopback interface? true
14:55:24.258 [DEBUG] [org.gradle.messaging.remote.internal.inet.InetAddressFactory] Is this a multicast interface? false
14:55:24.258 [DEBUG] [org.gradle.messaging.remote.internal.inet.InetAddressFactory] Adding loopback address /0:0:0:0:0:0:0:1%lo
14:55:24.258 [DEBUG] [org.gradle.messaging.remote.internal.inet.InetAddressFactory] Adding loopback address /127.0.0.1
14:55:24.269 [DEBUG] [org.gradle.messaging.remote.internal.inet.TcpIncomingConnector] Listening on [dcae7d04-9511-4090-9f80-2c40036dcee5 port:55867, addresses:[/0:0:0:0:0:0:0:1%lo, /127.0.0.1]].
14:55:24.270 [DEBUG] [org.gradle.launcher.daemon.server.Daemon] Daemon starting at: Thu Oct 22 14:55:24 CDT 2015, with address: [dcae7d04-9511-4090-9f80-2c40036dcee5 port:55867, addresses:[/0:0:0:0:0:0:0:1%lo, /127.0.0.1]]
14:55:24.271 [INFO] [org.gradle.launcher.daemon.server.DomainRegistryUpdater] Advertising the daemon address to the clients: [dcae7d04-9511-4090-9f80-2c40036dcee5 port:55867, addresses:[/0:0:0:0:0:0:0:1%lo, /127.0.0.1]]
14:55:24.271 [DEBUG] [org.gradle.launcher.daemon.server.DomainRegistryUpdater] Advertised daemon context: DefaultDaemonContext[uid=d8dd8447-09af-4c3c-bbc2-c5cbd6559203,javaHome=/usr/local/java/jdk1.8.0_51-x64,daemonRegistryDir=/home/psundriyal/air/shadowsearch/?/.gradle/daemon,pid=30118,idleTimeout=120000,daemonOpts=-XX:MaxPermSize=256m,-XX:+HeapDumpOnOutOfMemoryError,-Xmx1024m,-Dfile.encoding=UTF-8,-Duser.country=US,-Duser.language=en,-Duser.variant]
14:55:24.272 [DEBUG] [org.gradle.launcher.daemon.registry.PersistentDaemonRegistry] Storing daemon address: [dcae7d04-9511-4090-9f80-2c40036dcee5 port:55867, addresses:[/0:0:0:0:0:0:0:1%lo, /127.0.0.1]], context: DefaultDaemonContext[uid=d8dd8447-09af-4c3c-bbc2-c5cbd6559203,javaHome=/usr/local/java/jdk1.8.0_51-x64,daemonRegistryDir=/home/psundriyal/air/shadowsearch/?/.gradle/daemon,pid=30118,idleTimeout=120000,daemonOpts=-XX:MaxPermSize=256m,-XX:+HeapDumpOnOutOfMemoryError,-Xmx1024m,-Dfile.encoding=UTF-8,-Duser.country=US,-Duser.language=en,-Duser.variant]
14:55:24.278 [DEBUG] [org.gradle.cache.internal.DefaultFileLockManager] Waiting to acquire exclusive lock on daemon addresses registry.
14:55:24.279 [DEBUG] [org.gradle.cache.internal.DefaultFileLockManager] Lock acquired.
14:55:24.299 [DEBUG] [org.gradle.cache.internal.DefaultFileLockManager] Releasing lock on daemon addresses registry.
14:55:24.299 [LIFECYCLE] [org.gradle.launcher.daemon.server.Daemon] Daemon server started.
14:55:24.301 [DEBUG] [org.gradle.launcher.daemon.bootstrap.DaemonStartupCommunication] Completed writing the daemon greeting. Closing streams...
14:55:24.301 [DEBUG] [org.gradle.launcher.daemon.server.Daemon] requestStopOnIdleTimeout(120000 MILLISECONDS) called on daemon
14:55:24.302 [DEBUG] [org.gradle.launcher.daemon.server.DaemonStateCoordinator] Idle timeout: waiting for daemon to stop or be idle for 120000ms
14:55:24.302 [DEBUG] [org.gradle.launcher.daemon.server.DaemonStateCoordinator] Daemon is idle, sleeping until state change or idle timeout at Thu Oct 22 14:57:24 CDT 2015
14:55:24.350 [DEBUG] [org.gradle.messaging.remote.internal.inet.TcpIncomingConnector] Accepted connection from /0:0:0:0:0:0:0:1:39290 to /0:0:0:0:0:0:0:1:55867.
14:55:24.392 [DEBUG] [org.gradle.launcher.daemon.server.SynchronizedDispatchConnection] thread 14: received class org.gradle.launcher.daemon.protocol.BuildAndStop
14:55:24.392 [DEBUG] [org.gradle.launcher.daemon.server.DefaultDaemonConnection] Received non-IO message from client: BuildAndStop{id=11e16387-88b0-4403-b8d4-82196791528d.1, currentDir=/home/psundriyal/air/shadowsearch}
14:55:24.393 [INFO] [org.gradle.launcher.daemon.server.DefaultIncomingConnectionHandler] Received command: BuildAndStop{id=11e16387-88b0-4403-b8d4-82196791528d.1, currentDir=/home/psundriyal/air/shadowsearch}.
14:55:24.393 [DEBUG] [org.gradle.launcher.daemon.server.DefaultIncomingConnectionHandler] Starting executing command: BuildAndStop{id=11e16387-88b0-4403-b8d4-82196791528d.1, currentDir=/home/psundriyal/air/shadowsearch} with connection: socket connection from /0:0:0:0:0:0:0:1:55867 to /0:0:0:0:0:0:0:1:39290.
14:55:24.401 [DEBUG] [org.gradle.launcher.daemon.server.DaemonStateCoordinator] Command execution: started DaemonCommandExecution[command = BuildAndStop{id=11e16387-88b0-4403-b8d4-82196791528d.1, currentDir=/home/psundriyal/air/shadowsearch}, connection = org.gradle.launcher.daemon.server.DefaultDaemonConnection@2deab922] after 0.0 minutes of idle
14:55:24.402 [INFO] [org.gradle.launcher.daemon.server.DomainRegistryUpdater] Marking the daemon as busy, address: [dcae7d04-9511-4090-9f80-2c40036dcee5 port:55867, addresses:[/0:0:0:0:0:0:0:1%lo, /127.0.0.1]]
14:55:24.402 [DEBUG] [org.gradle.launcher.daemon.registry.PersistentDaemonRegistry] Marking busy by address: [dcae7d04-9511-4090-9f80-2c40036dcee5 port:55867, addresses:[/0:0:0:0:0:0:0:1%lo, /127.0.0.1]]
14:55:24.402 [DEBUG] [org.gradle.cache.internal.DefaultFileLockManager] Waiting to acquire exclusive lock on daemon addresses registry.
14:55:24.403 [DEBUG] [org.gradle.cache.internal.DefaultFileLockManager] Lock acquired.
14:55:24.406 [DEBUG] [org.gradle.cache.internal.DefaultFileLockManager] Releasing lock on daemon addresses registry.
14:55:24.406 [DEBUG] [org.gradle.launcher.daemon.server.DaemonStateCoordinator] updating lastActivityAt to 1445543724406
14:55:24.406 [DEBUG] [org.gradle.launcher.daemon.server.DaemonStateCoordinator] Daemon is busy, sleeping until state changes.
14:55:24.407 [INFO] [org.gradle.launcher.daemon.server.exec.StartBuildOrRespondWithBusy] Daemon is about to start building BuildAndStop{id=11e16387-88b0-4403-b8d4-82196791528d.1, currentDir=/home/psundriyal/air/shadowsearch}. Dispatching build started information...
14:55:24.407 [DEBUG] [org.gradle.launcher.daemon.server.SynchronizedDispatchConnection] thread 16: dispatching class org.gradle.launcher.daemon.protocol.BuildStarted
14:55:24.411 [DEBUG] [org.gradle.launcher.daemon.server.exec.EstablishBuildEnvironment] Configuring env variables: {PATH=/home/psundriyal/.gvm/vertx/current/bin:/home/psundriyal/.gvm/springboot/current/bin:/home/psundriyal/.gvm/lazybones/current/bin:/home/psundriyal/.gvm/jbake/current/bin:/home/psundriyal/.gvm/groovyserv/current/bin:/home/psundriyal/.gvm/groovy/current/bin:/home/psundriyal/.gvm/griffon/current/bin:/home/psundriyal/.gvm/grails/current/bin:/home/psundriyal/.gvm/gradle/current/bin:/home/psundriyal/.gvm/glide/current/bin:/home/psundriyal/.gvm/gaiden/current/bin:/home/psundriyal/.gvm/crash/current/bin:/home/psundriyal/.gvm/asciidoctorj/current/bin:/usr/lib64/qt-3.3/bin:/usr/NX/bin:/usr/local/bin:/usr/bin:/bin:/usr/local/sbin:/usr/sbin:/sbin:/bin:/usr/local/java/jdk1.6/bin:/usr/local/java/jdk1.6/bin, IMSETTINGS_MODULE=none, XAUTHORITY=/var/run/gdm/auth-for-psundriyal-nQy5qY/database, HISTCONTROL=ignoredups, XMODIFIERS=@im=none, GDMSESSION=gnome, GRAILS_HOME=/home/psundriyal/.gvm/grails/current, VERTX_HOME=/home/psundriyal/.gvm/vertx/current, ASCIIDOCTORJ_HOME=/home/psundriyal/.gvm/asciidoctorj/current, DBUS_SESSION_BUS_ADDRESS=unix:abstract=/tmp/dbus-94oFeICyeA,guid=6bda96dfd7e77f6ea8e2585e00000083, MAIL=/var/spool/mail/psundriyal, COLORTERM=gnome-terminal, LD_LIBRARY_PATH=/usr/local/java/jdk1.6.0_25/jre/lib/i386/server:/usr/local/java/jdk1.6.0_25/jre/lib/i386:/usr/local/java/jdk1.6.0_25/jre/../lib/i386, NXDIR=/usr/NX, SESSION_MANAGER=local/unix:@/tmp/.ICE-unix/11661,unix/unix:/tmp/.ICE-unix/11661, USERNAME=psundriyal, LOGNAME=psundriyal, PWD=/home/psundriyal/air/shadowsearch, ORBIT_SOCKETDIR=/tmp/orbit-psundriyal, SPRINGBOOT_HOME=/home/psundriyal/.gvm/springboot/current, WINDOWID=48234499, SHELL=/bin/bash, LESSOPEN=||/usr/bin/lesspipe.sh %s, GROOVYSERV_HOME=/home/psundriyal/.gvm/groovyserv/current, GDM_KEYBOARD_LAYOUT=us, QTINC=/usr/lib64/qt-3.3/include, OLDPWD=/home/psundriyal/air/shadowsearch, GVM_PLATFORM=Linux, GNOME_DESKTOP_SESSION_ID=this-is-deprecated, SSH_ASKPASS=/usr/libexec/openssh/gnome-ssh-askpass, IMSETTINGS_INTEGRATE_DESKTOP=yes, CRASH_HOME=/home/psundriyal/.gvm/crash/current, XDG_SESSION_COOKIE=0fcd75fba6a38b20cf74826500000033-1440517493.195782-1037286718, GNOME_KEYRING_SOCKET=/tmp/keyring-Vn29zb/socket, LS_COLORS=rs=0:di=01;34:ln=01;36:mh=00:pi=40;33:so=01;35:do=01;35:bd=40;33;01:cd=40;33;01:or=40;31;01:mi=01;05;37;41:su=37;41:sg=30;43:ca=30;41:tw=30;42:ow=34;42:st=37;44:ex=01;32:*.tar=01;31:*.tgz=01;31:*.arj=01;31:*.taz=01;31:*.lzh=01;31:*.lzma=01;31:*.tlz=01;31:*.txz=01;31:*.zip=01;31:*.z=01;31:*.Z=01;31:*.dz=01;31:*.gz=01;31:*.lz=01;31:*.xz=01;31:*.bz2=01;31:*.tbz=01;31:*.tbz2=01;31:*.bz=01;31:*.tz=01;31:*.deb=01;31:*.rpm=01;31:*.jar=01;31:*.rar=01;31:*.ace=01;31:*.zoo=01;31:*.cpio=01;31:*.7z=01;31:*.rz=01;31:*.jpg=01;35:*.jpeg=01;35:*.gif=01;35:*.bmp=01;35:*.pbm=01;35:*.pgm=01;35:*.ppm=01;35:*.tga=01;35:*.xbm=01;35:*.xpm=01;35:*.tif=01;35:*.tiff=01;35:*.png=01;35:*.svg=01;35:*.svgz=01;35:*.mng=01;35:*.pcx=01;35:*.mov=01;35:*.mpg=01;35:*.mpeg=01;35:*.m2v=01;35:*.mkv=01;35:*.ogm=01;35:*.mp4=01;35:*.m4v=01;35:*.mp4v=01;35:*.vob=01;35:*.qt=01;35:*.nuv=01;35:*.wmv=01;35:*.asf=01;35:*.rm=01;35:*.rmvb=01;35:*.flc=01;35:*.avi=01;35:*.fli=01;35:*.flv=01;35:*.gl=01;35:*.dl=01;35:*.xcf=01;35:*.xwd=01;35:*.yuv=01;35:*.cgm=01;35:*.emf=01;35:*.axv=01;35:*.anx=01;35:*.ogv=01;35:*.ogx=01;35:*.aac=01;36:*.au=01;36:*.flac=01;36:*.mid=01;36:*.midi=01;36:*.mka=01;36:*.mp3=01;36:*.mpc=01;36:*.ogg=01;36:*.ra=01;36:*.wav=01;36:*.axa=01;36:*.oga=01;36:*.spx=01;36:*.xspf=01;36:, KDE_IS_PRELINKED=1, SHLVL=2, GVM_BROADCAST_SERVICE=http://cast.gvm.io, GRIFFON_HOME=/home/psundriyal/.gvm/griffon/current, QT_IM_MODULE=xim, HISTSIZE=1000, JAVA_HOME=/usr/local/java/jdk1.6, GVM_VERSION=2.4.1, TERM=xterm, LAZYBONES_HOME=/home/psundriyal/.gvm/lazybones/current, GAIDEN_HOME=/home/psundriyal/.gvm/gaiden/current, XFILESEARCHPATH=/usr/dt/app-defaults/%L/Dt, LANG=en_US.UTF-8, G_BROKEN_FILENAMES=1, GRADLE_HOME=/home/psundriyal/.gvm/gradle/current, GROOVY_HOME=/home/psundriyal/.gvm/groovy/current, DISPLAY=:0.0, GVM_SERVICE=http://api.gvmtool.net, GTK_RC_FILES=/etc/gtk/gtkrc:/home/psundriyal/.gtkrc-1.2-gnome2, JBAKE_HOME=/home/psundriyal/.gvm/jbake/current, GDM_LANG=en_US.UTF-8, GVM_DIR=/home/psundriyal/.gvm, CVS_RSH=ssh, DESKTOP_SESSION=gnome, USER=psundriyal, WINDOWPATH=1, GVM_BROKER_SERVICE=http://release.gvm.io, SSH_AUTH_SOCK=/tmp/keyring-Vn29zb/socket.ssh, HOSTNAME=psundriyal.duncllc.com, QTDIR=/usr/lib64/qt-3.3, NLSPATH=/usr/dt/lib/nls/msg/%L/%N.cat, KDEDIRS=/usr, GVM_INIT=true, GLIDE_HOME=/home/psundriyal/.gvm/glide/current, QTLIB=/usr/lib64/qt-3.3/lib, HOME=/home/psundriyal, GNOME_KEYRING_PID=11651}
14:55:24.422 [DEBUG] [org.gradle.launcher.daemon.server.exec.LogToClient] About to start relaying all logs to the client via the connection.
14:55:24.422 [INFO] [org.gradle.launcher.daemon.server.exec.LogToClient] The client will now receive all logging from the daemon (pid: 30118). The daemon log file: /home/psundriyal/air/shadowsearch/?/.gradle/daemon/2.7/daemon-30118.out.log
14:55:24.424 [DEBUG] [org.gradle.launcher.daemon.server.exec.RequestStopIfSingleUsedDaemon] Requesting daemon stop after processing BuildAndStop{id=11e16387-88b0-4403-b8d4-82196791528d.1, currentDir=/home/psundriyal/air/shadowsearch}
14:55:24.424 [DEBUG] [org.gradle.launcher.daemon.server.DaemonStateCoordinator] Stop as soon as idle requested. The daemon is busy: true
14:55:24.425 [DEBUG] [org.gradle.launcher.daemon.server.DaemonStateCoordinator] Idle timeout: daemon stop has been requested. Sleeping until state changes.
14:55:24.427 [DEBUG] [org.gradle.launcher.daemon.server.exec.ExecuteBuild] The daemon has started executing the build.
14:55:24.427 [INFO] [org.gradle.launcher.daemon.server.exec.ExecuteBuild] Executing build with daemon context: DefaultDaemonContext[uid=d8dd8447-09af-4c3c-bbc2-c5cbd6559203,javaHome=/usr/local/java/jdk1.8.0_51-x64,daemonRegistryDir=/home/psundriyal/air/shadowsearch/?/.gradle/daemon,pid=30118,idleTimeout=120000,daemonOpts=-XX:MaxPermSize=256m,-XX:+HeapDumpOnOutOfMemoryError,-Xmx1024m,-Dfile.encoding=UTF-8,-Duser.country=US,-Duser.language=en,-Duser.variant]
:compileJava
:processResources
:classes
:findMainClass
:bootRun
Listening for transport dt_socket at address: 5005

  .   ____          _            __ _ _
 /\\ / ___'_ __ _ _(_)_ __  __ _ \ \ \ \
( ( )\___ | '_ | '_| | '_ \/ _` | \ \ \ \
 \\/  ___)| |_)| | | | | || (_| |  ) ) ) )
  '  |____| .__|_| |_|_| |_\__, | / / / /
 =========|_|==============|___/=/_/_/_/
 :: Spring Boot ::        (v1.2.5.RELEASE)

2015-10-22 14:55:35.955  INFO 30186 --- [           main] c.orbitz.shadow.ShadowSearchApplication  : Starting ShadowSearchApplication on psundriyal.duncllc.com with PID 30186 (/home/psundriyal/air/shadowsearch/build/classes/main started by psundriyal in /home/psundriyal/air/shadowsearch)
2015-10-22 14:55:35.998  INFO 30186 --- [           main] ationConfigEmbeddedWebApplicationContext : Refreshing org.springframework.boot.context.embedded.AnnotationConfigEmbeddedWebApplicationContext@510f3d34: startup date [Thu Oct 22 14:55:35 CDT 2015]; root of context hierarchy
2015-10-22 14:55:36.575  INFO 30186 --- [           main] o.s.b.f.s.DefaultListableBeanFactory     : Overriding bean definition for bean 'beanNameViewResolver': replacing [Root bean: class [null]; scope=; abstract=false; lazyInit=false; autowireMode=3; dependencyCheck=0; autowireCandidate=true; primary=false; factoryBeanName=org.springframework.boot.autoconfigure.web.ErrorMvcAutoConfiguration$WhitelabelErrorViewConfiguration; factoryMethodName=beanNameViewResolver; initMethodName=null; destroyMethodName=(inferred); defined in class path resource [org/springframework/boot/autoconfigure/web/ErrorMvcAutoConfiguration$WhitelabelErrorViewConfiguration.class]] with [Root bean: class [null]; scope=; abstract=false; lazyInit=false; autowireMode=3; dependencyCheck=0; autowireCandidate=true; primary=false; factoryBeanName=org.springframework.boot.autoconfigure.web.WebMvcAutoConfiguration$WebMvcAutoConfigurationAdapter; factoryMethodName=beanNameViewResolver; initMethodName=null; destroyMethodName=(inferred); defined in class path resource [org/springframework/boot/autoconfigure/web/WebMvcAutoConfiguration$WebMvcAutoConfigurationAdapter.class]]
2015-10-22 14:55:37.295  INFO 30186 --- [           main] s.b.c.e.t.TomcatEmbeddedServletContainer : Tomcat initialized with port(s): 9191 (http)
2015-10-22 14:55:37.531  INFO 30186 --- [           main] o.apache.catalina.core.StandardService   : Starting service Tomcat
2015-10-22 14:55:37.533  INFO 30186 --- [           main] org.apache.catalina.core.StandardEngine  : Starting Servlet Engine: Apache Tomcat/8.0.23
2015-10-22 14:55:37.648  INFO 30186 --- [ost-startStop-1] o.a.c.c.C.[Tomcat].[localhost].[/]       : Initializing Spring embedded WebApplicationContext
2015-10-22 14:55:37.649  INFO 30186 --- [ost-startStop-1] o.s.web.context.ContextLoader            : Root WebApplicationContext: initialization completed in 1654 ms
2015-10-22 14:55:38.270  INFO 30186 --- [ost-startStop-1] o.s.b.c.e.ServletRegistrationBean        : Mapping servlet: 'dispatcherServlet' to [/]
2015-10-22 14:55:38.274  INFO 30186 --- [ost-startStop-1] o.s.b.c.embedded.FilterRegistrationBean  : Mapping filter: 'metricFilter' to: [/*]
2015-10-22 14:55:38.275  INFO 30186 --- [ost-startStop-1] o.s.b.c.embedded.FilterRegistrationBean  : Mapping filter: 'characterEncodingFilter' to: [/*]
2015-10-22 14:55:38.275  INFO 30186 --- [ost-startStop-1] o.s.b.c.embedded.FilterRegistrationBean  : Mapping filter: 'hiddenHttpMethodFilter' to: [/*]
2015-10-22 14:55:38.275  INFO 30186 --- [ost-startStop-1] o.s.b.c.embedded.FilterRegistrationBean  : Mapping filter: 'webRequestLoggingFilter' to: [/*]
2015-10-22 14:55:38.276  INFO 30186 --- [ost-startStop-1] o.s.b.c.embedded.FilterRegistrationBean  : Mapping filter: 'applicationContextIdFilter' to: [/*]
2015-10-22 14:55:38.543  INFO 30186 --- [           main] s.w.s.m.m.a.RequestMappingHandlerAdapter : Looking for @ControllerAdvice: org.springframework.boot.context.embedded.AnnotationConfigEmbeddedWebApplicationContext@510f3d34: startup date [Thu Oct 22 14:55:35 CDT 2015]; root of context hierarchy
2015-10-22 14:55:38.600  INFO 30186 --- [           main] s.w.s.m.m.a.RequestMappingHandlerMapping : Mapped "{[/search]}" onto public java.lang.String com.orbitz.shadow.ShadowSearchController.shadowSearch(java.lang.String,java.lang.String,java.lang.String,java.lang.String)
2015-10-22 14:55:38.600  INFO 30186 --- [           main] s.w.s.m.m.a.RequestMappingHandlerMapping : Mapped "{[/voidSearch]}" onto public void com.orbitz.shadow.ShadowSearchController.voidSearch()
2015-10-22 14:55:38.601  INFO 30186 --- [           main] s.w.s.m.m.a.RequestMappingHandlerMapping : Mapped "{[/error],produces=[text/html]}" onto public org.springframework.web.servlet.ModelAndView org.springframework.boot.autoconfigure.web.BasicErrorController.errorHtml(javax.servlet.http.HttpServletRequest)
2015-10-22 14:55:38.602  INFO 30186 --- [           main] s.w.s.m.m.a.RequestMappingHandlerMapping : Mapped "{[/error]}" onto public org.springframework.http.ResponseEntity<java.util.Map<java.lang.String, java.lang.Object>> org.springframework.boot.autoconfigure.web.BasicErrorController.error(javax.servlet.http.HttpServletRequest)
2015-10-22 14:55:38.629  INFO 30186 --- [           main] o.s.w.s.handler.SimpleUrlHandlerMapping  : Mapped URL path [/webjars/**] onto handler of type [class org.springframework.web.servlet.resource.ResourceHttpRequestHandler]
2015-10-22 14:55:38.629  INFO 30186 --- [           main] o.s.w.s.handler.SimpleUrlHandlerMapping  : Mapped URL path [/**] onto handler of type [class org.springframework.web.servlet.resource.ResourceHttpRequestHandler]
2015-10-22 14:55:38.670  INFO 30186 --- [           main] o.s.w.s.handler.SimpleUrlHandlerMapping  : Mapped URL path [/**/favicon.ico] onto handler of type [class org.springframework.web.servlet.resource.ResourceHttpRequestHandler]
2015-10-22 14:55:39.014  INFO 30186 --- [           main] o.s.b.a.e.mvc.EndpointHandlerMapping     : Mapped "{[/metrics/{name:.*}],methods=[GET]}" onto public java.lang.Object org.springframework.boot.actuate.endpoint.mvc.MetricsMvcEndpoint.value(java.lang.String)
2015-10-22 14:55:39.014  INFO 30186 --- [           main] o.s.b.a.e.mvc.EndpointHandlerMapping     : Mapped "{[/metrics],methods=[GET]}" onto public java.lang.Object org.springframework.boot.actuate.endpoint.mvc.EndpointMvcAdapter.invoke()
2015-10-22 14:55:39.015  INFO 30186 --- [           main] o.s.b.a.e.mvc.EndpointHandlerMapping     : Mapped "{[/health]}" onto public java.lang.Object org.springframework.boot.actuate.endpoint.mvc.HealthMvcEndpoint.invoke(java.security.Principal)
2015-10-22 14:55:39.015  INFO 30186 --- [           main] o.s.b.a.e.mvc.EndpointHandlerMapping     : Mapped "{[/autoconfig],methods=[GET]}" onto public java.lang.Object org.springframework.boot.actuate.endpoint.mvc.EndpointMvcAdapter.invoke()
2015-10-22 14:55:39.015  INFO 30186 --- [           main] o.s.b.a.e.mvc.EndpointHandlerMapping     : Mapped "{[/info],methods=[GET]}" onto public java.lang.Object org.springframework.boot.actuate.endpoint.mvc.EndpointMvcAdapter.invoke()
2015-10-22 14:55:39.016  INFO 30186 --- [           main] o.s.b.a.e.mvc.EndpointHandlerMapping     : Mapped "{[/trace],methods=[GET]}" onto public java.lang.Object org.springframework.boot.actuate.endpoint.mvc.EndpointMvcAdapter.invoke()
2015-10-22 14:55:39.016  INFO 30186 --- [           main] o.s.b.a.e.mvc.EndpointHandlerMapping     : Mapped "{[/dump],methods=[GET]}" onto public java.lang.Object org.springframework.boot.actuate.endpoint.mvc.EndpointMvcAdapter.invoke()
2015-10-22 14:55:39.017  INFO 30186 --- [           main] o.s.b.a.e.mvc.EndpointHandlerMapping     : Mapped "{[/env/{name:.*}],methods=[GET]}" onto public java.lang.Object org.springframework.boot.actuate.endpoint.mvc.EnvironmentMvcEndpoint.value(java.lang.String)
2015-10-22 14:55:39.018  INFO 30186 --- [           main] o.s.b.a.e.mvc.EndpointHandlerMapping     : Mapped "{[/env],methods=[GET]}" onto public java.lang.Object org.springframework.boot.actuate.endpoint.mvc.EndpointMvcAdapter.invoke()
2015-10-22 14:55:39.018  INFO 30186 --- [           main] o.s.b.a.e.mvc.EndpointHandlerMapping     : Mapped "{[/beans],methods=[GET]}" onto public java.lang.Object org.springframework.boot.actuate.endpoint.mvc.EndpointMvcAdapter.invoke()
2015-10-22 14:55:39.019  INFO 30186 --- [           main] o.s.b.a.e.mvc.EndpointHandlerMapping     : Mapped "{[/configprops],methods=[GET]}" onto public java.lang.Object org.springframework.boot.actuate.endpoint.mvc.EndpointMvcAdapter.invoke()
2015-10-22 14:55:39.019  INFO 30186 --- [           main] o.s.b.a.e.mvc.EndpointHandlerMapping     : Mapped "{[/mappings],methods=[GET]}" onto public java.lang.Object org.springframework.boot.actuate.endpoint.mvc.EndpointMvcAdapter.invoke()
2015-10-22 14:55:39.030  INFO 30186 --- [           main] o.s.j.e.a.AnnotationMBeanExporter        : Registering beans for JMX exposure on startup
2015-10-22 14:55:39.042  INFO 30186 --- [           main] o.s.c.support.DefaultLifecycleProcessor  : Starting beans in phase 0
2015-10-22 14:55:39.168  INFO 30186 --- [           main] s.b.c.e.t.TomcatEmbeddedServletContainer : Tomcat started on port(s): 9191 (http)
2015-10-22 14:55:39.170  INFO 30186 --- [           main] c.orbitz.shadow.ShadowSearchApplication  : Started ShadowSearchApplication in 3.568 seconds (JVM running for 10.984)
2015-10-22 14:55:59.722  INFO 30186 --- [nio-9191-exec-1] o.a.c.c.C.[Tomcat].[localhost].[/]       : Initializing Spring FrameworkServlet 'dispatcherServlet'
2015-10-22 14:55:59.722  INFO 30186 --- [nio-9191-exec-1] o.s.web.servlet.DispatcherServlet        : FrameworkServlet 'dispatcherServlet': initialization started
2015-10-22 14:55:59.737  INFO 30186 --- [nio-9191-exec-1] o.s.web.servlet.DispatcherServlet        : FrameworkServlet 'dispatcherServlet': initialization completed in 15 ms
Daemon vm is shutting down... The daemon has exited normally or was terminated in response to a user interrupt.
2015-10-22 15:03:35.363  INFO 30186 --- [       Thread-1] ationConfigEmbeddedWebApplicationContext : Closing org.springframework.boot.context.embedded.AnnotationConfigEmbeddedWebApplicationContext@510f3d34: startup date [Thu Oct 22 14:55:35 CDT 2015]; root of context hierarchy
Could not read standard output of: command '/usr/local/java/jdk1.8.0_51-x64/bin/java'.
java.io.IOException: Stream closed
	at java.io.BufferedInputStream.getBufIfOpen(BufferedInputStream.java:170)
	at java.io.BufferedInputStream.read1(BufferedInputStream.java:291)
	at java.io.BufferedInputStream.read(BufferedInputStream.java:345)
	at java.io.FilterInputStream.read(FilterInputStream.java:107)
	at org.gradle.process.internal.streams.ExecOutputHandleRunner.run(ExecOutputHandleRunner.java:51)
	at org.gradle.internal.concurrent.ExecutorPolicy$CatchAndRecordFailures.onExecute(ExecutorPolicy.java:54)
	at org.gradle.internal.concurrent.StoppableExecutorImpl$1.run(StoppableExecutorImpl.java:40)
	at java.util.concurrent.ThreadPoolExecutor.runWorker(ThreadPoolExecutor.java:1142)
	at java.util.concurrent.ThreadPoolExecutor$Worker.run(ThreadPoolExecutor.java:617)
	at java.lang.Thread.run(Thread.java:745)
:bootRun FAILED
